<?xml version="1.0" encoding="UTF-8"?>
<!-- Generated by org.testng.reporters.JUnitReportReporter -->
<testsuite hostname="APPY-PC" name="Scripts.TestBing" tests="1" failures="0" timestamp="24 Oct 2017 23:40:08 GMT" time="15.240" errors="0">
  <testcase name="test" time="15.240" classname="Scripts.TestBing"/>
</testsuite> <!-- Scripts.TestBing -->
