<?xml version="1.0" encoding="UTF-8"?>
<!-- Generated by org.testng.reporters.JUnitReportReporter -->
<testsuite hostname="APPY-PC" name="Scripts.TestYahoo" tests="1" failures="0" timestamp="24 Oct 2017 23:40:08 GMT" time="42.147" errors="0">
  <testcase name="test" time="42.147" classname="Scripts.TestYahoo"/>
</testsuite> <!-- Scripts.TestYahoo -->
