<?xml version="1.0" encoding="UTF-8"?>
<!-- Generated by org.testng.reporters.JUnitReportReporter -->
<testsuite hostname="APPY-PC" name="Scripts.TestMsn" tests="1" failures="0" timestamp="24 Oct 2017 23:40:08 GMT" time="20.430" errors="0">
  <testcase name="test" time="20.430" classname="Scripts.TestMsn"/>
</testsuite> <!-- Scripts.TestMsn -->
